[     850ms] [INFO] %cDownload the React DevTools for a better development experience: https://reactjs.org/link/react-devtools font-weight:bold @ webpack-internal:///(app-pages-browser)/./node_modules/next/dist/compiled/react-dom-experimental/cjs/react-dom.development.js:38409
[  578512ms] [LOG] [Fast Refresh] rebuilding @ webpack-internal:///(app-pages-browser)/./node_modules/next/dist/client/components/react-dev-overlay/hot-reloader-client.js:150
[  579031ms] [LOG] [Fast Refresh] rebuilding @ webpack-internal:///(app-pages-browser)/./node_modules/next/dist/client/components/react-dev-overlay/hot-reloader-client.js:150
[  596308ms] [LOG] [Fast Refresh] rebuilding @ webpack-internal:///(app-pages-browser)/./node_modules/next/dist/client/components/react-dev-overlay/hot-reloader-client.js:150
[  618402ms] [LOG] [Fast Refresh] rebuilding @ webpack-internal:///(app-pages-browser)/./node_modules/next/dist/client/components/react-dev-overlay/hot-reloader-client.js:150
[  631043ms] [LOG] [Fast Refresh] rebuilding @ webpack-internal:///(app-pages-browser)/./node_modules/next/dist/client/components/react-dev-overlay/hot-reloader-client.js:150
[  709100ms] [LOG] [Fast Refresh] rebuilding @ webpack-internal:///(app-pages-browser)/./node_modules/next/dist/client/components/react-dev-overlay/hot-reloader-client.js:150
[  709631ms] [LOG] [Fast Refresh] rebuilding @ webpack-internal:///(app-pages-browser)/./node_modules/next/dist/client/components/react-dev-overlay/hot-reloader-client.js:150
[  731750ms] [LOG] [Fast Refresh] rebuilding @ webpack-internal:///(app-pages-browser)/./node_modules/next/dist/client/components/react-dev-overlay/hot-reloader-client.js:150
[  750688ms] [LOG] [Fast Refresh] rebuilding @ webpack-internal:///(app-pages-browser)/./node_modules/next/dist/client/components/react-dev-overlay/hot-reloader-client.js:150
[  750960ms] [LOG] [Fast Refresh] rebuilding @ webpack-internal:///(app-pages-browser)/./node_modules/next/dist/client/components/react-dev-overlay/hot-reloader-client.js:150
[  754818ms] [WARNING] The resource http://localhost:3000/_next/static/css/app/layout.css?v=1780757209729 was preloaded using link preload but not used within a few seconds from the window's load event. Please make sure it has an appropriate `as` value and it is preloaded intentionally. @ http://localhost:3000/login:0
[  768776ms] [LOG] [Fast Refresh] rebuilding @ webpack-internal:///(app-pages-browser)/./node_modules/next/dist/client/components/react-dev-overlay/hot-reloader-client.js:150
[  768980ms] [LOG] [Fast Refresh] rebuilding @ webpack-internal:///(app-pages-browser)/./node_modules/next/dist/client/components/react-dev-overlay/hot-reloader-client.js:150
[  772937ms] [WARNING] The resource http://localhost:3000/_next/static/css/app/layout.css?v=1780757227294 was preloaded using link preload but not used within a few seconds from the window's load event. Please make sure it has an appropriate `as` value and it is preloaded intentionally. @ http://localhost:3000/login:0
[  772937ms] [WARNING] The resource http://localhost:3000/_next/static/css/app/layout.css?v=1780757227721 was preloaded using link preload but not used within a few seconds from the window's load event. Please make sure it has an appropriate `as` value and it is preloaded intentionally. @ http://localhost:3000/login:0
[  772938ms] [WARNING] The resource http://localhost:3000/_next/static/css/app/layout.css?v=1780757209729 was preloaded using link preload but not used within a few seconds from the window's load event. Please make sure it has an appropriate `as` value and it is preloaded intentionally. @ http://localhost:3000/login:0
[  789516ms] [LOG] [Fast Refresh] rebuilding @ webpack-internal:///(app-pages-browser)/./node_modules/next/dist/client/components/react-dev-overlay/hot-reloader-client.js:150
[  790048ms] [LOG] [Fast Refresh] rebuilding @ webpack-internal:///(app-pages-browser)/./node_modules/next/dist/client/components/react-dev-overlay/hot-reloader-client.js:150
[  793961ms] [WARNING] The resource http://localhost:3000/_next/static/css/app/layout.css?v=1780757227721 was preloaded using link preload but not used within a few seconds from the window's load event. Please make sure it has an appropriate `as` value and it is preloaded intentionally. @ http://localhost:3000/login:0
[  793961ms] [WARNING] The resource http://localhost:3000/_next/static/css/app/layout.css?v=1780757248675 was preloaded using link preload but not used within a few seconds from the window's load event. Please make sure it has an appropriate `as` value and it is preloaded intentionally. @ http://localhost:3000/login:0
[  793961ms] [WARNING] The resource http://localhost:3000/_next/static/css/app/layout.css?v=1780757248775 was preloaded using link preload but not used within a few seconds from the window's load event. Please make sure it has an appropriate `as` value and it is preloaded intentionally. @ http://localhost:3000/login:0
[  793961ms] [WARNING] The resource http://localhost:3000/_next/static/css/app/layout.css?v=1780757248898 was preloaded using link preload but not used within a few seconds from the window's load event. Please make sure it has an appropriate `as` value and it is preloaded intentionally. @ http://localhost:3000/login:0
[  793961ms] [WARNING] The resource http://localhost:3000/_next/static/css/app/layout.css?v=1780757248842 was preloaded using link preload but not used within a few seconds from the window's load event. Please make sure it has an appropriate `as` value and it is preloaded intentionally. @ http://localhost:3000/login:0
[  793961ms] [WARNING] The resource http://localhost:3000/_next/static/css/app/layout.css?v=1780757248631 was preloaded using link preload but not used within a few seconds from the window's load event. Please make sure it has an appropriate `as` value and it is preloaded intentionally. @ http://localhost:3000/login:0
[  793961ms] [WARNING] The resource http://localhost:3000/_next/static/css/app/layout.css?v=1780757227294 was preloaded using link preload but not used within a few seconds from the window's load event. Please make sure it has an appropriate `as` value and it is preloaded intentionally. @ http://localhost:3000/login:0
[  793961ms] [WARNING] The resource http://localhost:3000/_next/static/css/app/layout.css?v=1780757209729 was preloaded using link preload but not used within a few seconds from the window's load event. Please make sure it has an appropriate `as` value and it is preloaded intentionally. @ http://localhost:3000/login:0
[  793961ms] [WARNING] The resource http://localhost:3000/_next/static/css/app/layout.css?v=1780757248712 was preloaded using link preload but not used within a few seconds from the window's load event. Please make sure it has an appropriate `as` value and it is preloaded intentionally. @ http://localhost:3000/login:0
[  793961ms] [WARNING] The resource http://localhost:3000/_next/static/css/app/layout.css?v=1780757248815 was preloaded using link preload but not used within a few seconds from the window's load event. Please make sure it has an appropriate `as` value and it is preloaded intentionally. @ http://localhost:3000/login:0
[  793961ms] [WARNING] The resource http://localhost:3000/_next/static/css/app/layout.css?v=1780757248868 was preloaded using link preload but not used within a few seconds from the window's load event. Please make sure it has an appropriate `as` value and it is preloaded intentionally. @ http://localhost:3000/login:0
[  793961ms] [WARNING] The resource http://localhost:3000/_next/static/css/app/layout.css?v=1780757248929 was preloaded using link preload but not used within a few seconds from the window's load event. Please make sure it has an appropriate `as` value and it is preloaded intentionally. @ http://localhost:3000/login:0
[  793961ms] [WARNING] The resource http://localhost:3000/_next/static/css/app/layout.css?v=1780757248738 was preloaded using link preload but not used within a few seconds from the window's load event. Please make sure it has an appropriate `as` value and it is preloaded intentionally. @ http://localhost:3000/login:0
[  803204ms] [LOG] [Fast Refresh] rebuilding @ webpack-internal:///(app-pages-browser)/./node_modules/next/dist/client/components/react-dev-overlay/hot-reloader-client.js:150
[  807375ms] [WARNING] The resource http://localhost:3000/_next/static/css/app/layout.css?v=1780757227721 was preloaded using link preload but not used within a few seconds from the window's load event. Please make sure it has an appropriate `as` value and it is preloaded intentionally. @ http://localhost:3000/login:0
[  807375ms] [WARNING] The resource http://localhost:3000/_next/static/css/app/layout.css?v=1780757248675 was preloaded using link preload but not used within a few seconds from the window's load event. Please make sure it has an appropriate `as` value and it is preloaded intentionally. @ http://localhost:3000/login:0
[  807375ms] [WARNING] The resource http://localhost:3000/_next/static/css/app/layout.css?v=1780757248775 was preloaded using link preload but not used within a few seconds from the window's load event. Please make sure it has an appropriate `as` value and it is preloaded intentionally. @ http://localhost:3000/login:0
[  807375ms] [WARNING] The resource http://localhost:3000/_next/static/css/app/layout.css?v=1780757248898 was preloaded using link preload but not used within a few seconds from the window's load event. Please make sure it has an appropriate `as` value and it is preloaded intentionally. @ http://localhost:3000/login:0
[  807375ms] [WARNING] The resource http://localhost:3000/_next/static/css/app/layout.css?v=1780757248842 was preloaded using link preload but not used within a few seconds from the window's load event. Please make sure it has an appropriate `as` value and it is preloaded intentionally. @ http://localhost:3000/login:0
[  807375ms] [WARNING] The resource http://localhost:3000/_next/static/css/app/layout.css?v=1780757248631 was preloaded using link preload but not used within a few seconds from the window's load event. Please make sure it has an appropriate `as` value and it is preloaded intentionally. @ http://localhost:3000/login:0
[  807375ms] [WARNING] The resource http://localhost:3000/_next/static/css/app/layout.css?v=1780757227294 was preloaded using link preload but not used within a few seconds from the window's load event. Please make sure it has an appropriate `as` value and it is preloaded intentionally. @ http://localhost:3000/login:0
[  807375ms] [WARNING] The resource http://localhost:3000/_next/static/css/app/layout.css?v=1780757209729 was preloaded using link preload but not used within a few seconds from the window's load event. Please make sure it has an appropriate `as` value and it is preloaded intentionally. @ http://localhost:3000/login:0
[  807375ms] [WARNING] The resource http://localhost:3000/_next/static/css/app/layout.css?v=1780757248712 was preloaded using link preload but not used within a few seconds from the window's load event. Please make sure it has an appropriate `as` value and it is preloaded intentionally. @ http://localhost:3000/login:0
[  807375ms] [WARNING] The resource http://localhost:3000/_next/static/css/app/layout.css?v=1780757248815 was preloaded using link preload but not used within a few seconds from the window's load event. Please make sure it has an appropriate `as` value and it is preloaded intentionally. @ http://localhost:3000/login:0
[  807375ms] [WARNING] The resource http://localhost:3000/_next/static/css/app/layout.css?v=1780757248868 was preloaded using link preload but not used within a few seconds from the window's load event. Please make sure it has an appropriate `as` value and it is preloaded intentionally. @ http://localhost:3000/login:0
[  807375ms] [WARNING] The resource http://localhost:3000/_next/static/css/app/layout.css?v=1780757248929 was preloaded using link preload but not used within a few seconds from the window's load event. Please make sure it has an appropriate `as` value and it is preloaded intentionally. @ http://localhost:3000/login:0
[  807375ms] [WARNING] The resource http://localhost:3000/_next/static/css/app/layout.css?v=1780757248738 was preloaded using link preload but not used within a few seconds from the window's load event. Please make sure it has an appropriate `as` value and it is preloaded intentionally. @ http://localhost:3000/login:0
[  912810ms] [LOG] [Fast Refresh] rebuilding @ webpack-internal:///(app-pages-browser)/./node_modules/next/dist/client/components/react-dev-overlay/hot-reloader-client.js:150
[  914341ms] [ERROR] Failed to load resource: the server responded with a status of 404 (Not Found) @ http://localhost:3000/_next/static/css/app/layout.css?v=1780757371285:0
[  914349ms] Event
[  917358ms] [WARNING] The resource http://localhost:3000/_next/static/css/app/layout.css?v=1780757248775 was preloaded using link preload but not used within a few seconds from the window's load event. Please make sure it has an appropriate `as` value and it is preloaded intentionally. @ http://localhost:3000/login:0
[  917359ms] [WARNING] The resource http://localhost:3000/_next/static/css/app/layout.css?v=1780757248898 was preloaded using link preload but not used within a few seconds from the window's load event. Please make sure it has an appropriate `as` value and it is preloaded intentionally. @ http://localhost:3000/login:0
[  917359ms] [WARNING] The resource http://localhost:3000/_next/static/css/app/layout.css?v=1780757248712 was preloaded using link preload but not used within a few seconds from the window's load event. Please make sure it has an appropriate `as` value and it is preloaded intentionally. @ http://localhost:3000/login:0
[  917359ms] [WARNING] The resource http://localhost:3000/_next/static/css/app/layout.css?v=1780757248929 was preloaded using link preload but not used within a few seconds from the window's load event. Please make sure it has an appropriate `as` value and it is preloaded intentionally. @ http://localhost:3000/login:0
[  917359ms] [WARNING] The resource http://localhost:3000/_next/static/css/app/layout.css?v=1780757248738 was preloaded using link preload but not used within a few seconds from the window's load event. Please make sure it has an appropriate `as` value and it is preloaded intentionally. @ http://localhost:3000/login:0
[  917359ms] [WARNING] The resource http://localhost:3000/_next/static/css/app/layout.css?v=1780757227721 was preloaded using link preload but not used within a few seconds from the window's load event. Please make sure it has an appropriate `as` value and it is preloaded intentionally. @ http://localhost:3000/login:0
[  917359ms] [WARNING] The resource http://localhost:3000/_next/static/css/app/layout.css?v=1780757248675 was preloaded using link preload but not used within a few seconds from the window's load event. Please make sure it has an appropriate `as` value and it is preloaded intentionally. @ http://localhost:3000/login:0
[  917359ms] [WARNING] The resource http://localhost:3000/_next/static/css/app/layout.css?v=1780757248842 was preloaded using link preload but not used within a few seconds from the window's load event. Please make sure it has an appropriate `as` value and it is preloaded intentionally. @ http://localhost:3000/login:0
[  917359ms] [WARNING] The resource http://localhost:3000/_next/static/css/app/layout.css?v=1780757248631 was preloaded using link preload but not used within a few seconds from the window's load event. Please make sure it has an appropriate `as` value and it is preloaded intentionally. @ http://localhost:3000/login:0
[  917359ms] [WARNING] The resource http://localhost:3000/_next/static/css/app/layout.css?v=1780757227294 was preloaded using link preload but not used within a few seconds from the window's load event. Please make sure it has an appropriate `as` value and it is preloaded intentionally. @ http://localhost:3000/login:0
[  917359ms] [WARNING] The resource http://localhost:3000/_next/static/css/app/layout.css?v=1780757209729 was preloaded using link preload but not used within a few seconds from the window's load event. Please make sure it has an appropriate `as` value and it is preloaded intentionally. @ http://localhost:3000/login:0
[  917359ms] [WARNING] The resource http://localhost:3000/_next/static/css/app/layout.css?v=1780757248815 was preloaded using link preload but not used within a few seconds from the window's load event. Please make sure it has an appropriate `as` value and it is preloaded intentionally. @ http://localhost:3000/login:0
[  917359ms] [WARNING] The resource http://localhost:3000/_next/static/css/app/layout.css?v=1780757248868 was preloaded using link preload but not used within a few seconds from the window's load event. Please make sure it has an appropriate `as` value and it is preloaded intentionally. @ http://localhost:3000/login:0
[  932055ms] [LOG] [Fast Refresh] rebuilding @ webpack-internal:///(app-pages-browser)/./node_modules/next/dist/client/components/react-dev-overlay/hot-reloader-client.js:150
[  932676ms] [ERROR] Failed to load resource: the server responded with a status of 404 (Not Found) @ http://localhost:3000/_next/static/css/app/layout.css?v=1780757390545:0
[  932683ms] Event
[  935691ms] [WARNING] The resource http://localhost:3000/_next/static/css/app/layout.css?v=1780757248775 was preloaded using link preload but not used within a few seconds from the window's load event. Please make sure it has an appropriate `as` value and it is preloaded intentionally. @ http://localhost:3000/login:0
[  935691ms] [WARNING] The resource http://localhost:3000/_next/static/css/app/layout.css?v=1780757248898 was preloaded using link preload but not used within a few seconds from the window's load event. Please make sure it has an appropriate `as` value and it is preloaded intentionally. @ http://localhost:3000/login:0
[  935691ms] [WARNING] The resource http://localhost:3000/_next/static/css/app/layout.css?v=1780757248712 was preloaded using link preload but not used within a few seconds from the window's load event. Please make sure it has an appropriate `as` value and it is preloaded intentionally. @ http://localhost:3000/login:0
[  935691ms] [WARNING] The resource http://localhost:3000/_next/static/css/app/layout.css?v=1780757248929 was preloaded using link preload but not used within a few seconds from the window's load event. Please make sure it has an appropriate `as` value and it is preloaded intentionally. @ http://localhost:3000/login:0
[  935691ms] [WARNING] The resource http://localhost:3000/_next/static/css/app/layout.css?v=1780757248738 was preloaded using link preload but not used within a few seconds from the window's load event. Please make sure it has an appropriate `as` value and it is preloaded intentionally. @ http://localhost:3000/login:0
[  935691ms] [WARNING] The resource http://localhost:3000/_next/static/css/app/layout.css?v=1780757227721 was preloaded using link preload but not used within a few seconds from the window's load event. Please make sure it has an appropriate `as` value and it is preloaded intentionally. @ http://localhost:3000/login:0
[  935692ms] [WARNING] The resource http://localhost:3000/_next/static/css/app/layout.css?v=1780757248675 was preloaded using link preload but not used within a few seconds from the window's load event. Please make sure it has an appropriate `as` value and it is preloaded intentionally. @ http://localhost:3000/login:0
[  935692ms] [WARNING] The resource http://localhost:3000/_next/static/css/app/layout.css?v=1780757248842 was preloaded using link preload but not used within a few seconds from the window's load event. Please make sure it has an appropriate `as` value and it is preloaded intentionally. @ http://localhost:3000/login:0
[  935692ms] [WARNING] The resource http://localhost:3000/_next/static/css/app/layout.css?v=1780757248631 was preloaded using link preload but not used within a few seconds from the window's load event. Please make sure it has an appropriate `as` value and it is preloaded intentionally. @ http://localhost:3000/login:0
[  935692ms] [WARNING] The resource http://localhost:3000/_next/static/css/app/layout.css?v=1780757227294 was preloaded using link preload but not used within a few seconds from the window's load event. Please make sure it has an appropriate `as` value and it is preloaded intentionally. @ http://localhost:3000/login:0
[  935692ms] [WARNING] The resource http://localhost:3000/_next/static/css/app/layout.css?v=1780757209729 was preloaded using link preload but not used within a few seconds from the window's load event. Please make sure it has an appropriate `as` value and it is preloaded intentionally. @ http://localhost:3000/login:0
[  935692ms] [WARNING] The resource http://localhost:3000/_next/static/css/app/layout.css?v=1780757248815 was preloaded using link preload but not used within a few seconds from the window's load event. Please make sure it has an appropriate `as` value and it is preloaded intentionally. @ http://localhost:3000/login:0
[  935692ms] [WARNING] The resource http://localhost:3000/_next/static/css/app/layout.css?v=1780757248868 was preloaded using link preload but not used within a few seconds from the window's load event. Please make sure it has an appropriate `as` value and it is preloaded intentionally. @ http://localhost:3000/login:0
[  946801ms] [LOG] [Fast Refresh] rebuilding @ webpack-internal:///(app-pages-browser)/./node_modules/next/dist/client/components/react-dev-overlay/hot-reloader-client.js:150
[  947181ms] [ERROR] Failed to load resource: the server responded with a status of 404 (Not Found) @ http://localhost:3000/_next/static/css/app/layout.css?v=1780757405106:0
[  947187ms] Event
[  950193ms] [WARNING] The resource http://localhost:3000/_next/static/css/app/layout.css?v=1780757248775 was preloaded using link preload but not used within a few seconds from the window's load event. Please make sure it has an appropriate `as` value and it is preloaded intentionally. @ http://localhost:3000/login:0
[  950193ms] [WARNING] The resource http://localhost:3000/_next/static/css/app/layout.css?v=1780757248898 was preloaded using link preload but not used within a few seconds from the window's load event. Please make sure it has an appropriate `as` value and it is preloaded intentionally. @ http://localhost:3000/login:0
[  950193ms] [WARNING] The resource http://localhost:3000/_next/static/css/app/layout.css?v=1780757248712 was preloaded using link preload but not used within a few seconds from the window's load event. Please make sure it has an appropriate `as` value and it is preloaded intentionally. @ http://localhost:3000/login:0
[  950193ms] [WARNING] The resource http://localhost:3000/_next/static/css/app/layout.css?v=1780757248929 was preloaded using link preload but not used within a few seconds from the window's load event. Please make sure it has an appropriate `as` value and it is preloaded intentionally. @ http://localhost:3000/login:0
[  950193ms] [WARNING] The resource http://localhost:3000/_next/static/css/app/layout.css?v=1780757248738 was preloaded using link preload but not used within a few seconds from the window's load event. Please make sure it has an appropriate `as` value and it is preloaded intentionally. @ http://localhost:3000/login:0
[  950193ms] [WARNING] The resource http://localhost:3000/_next/static/css/app/layout.css?v=1780757227721 was preloaded using link preload but not used within a few seconds from the window's load event. Please make sure it has an appropriate `as` value and it is preloaded intentionally. @ http://localhost:3000/login:0
[  950193ms] [WARNING] The resource http://localhost:3000/_next/static/css/app/layout.css?v=1780757248675 was preloaded using link preload but not used within a few seconds from the window's load event. Please make sure it has an appropriate `as` value and it is preloaded intentionally. @ http://localhost:3000/login:0
[  950193ms] [WARNING] The resource http://localhost:3000/_next/static/css/app/layout.css?v=1780757248842 was preloaded using link preload but not used within a few seconds from the window's load event. Please make sure it has an appropriate `as` value and it is preloaded intentionally. @ http://localhost:3000/login:0
[  950193ms] [WARNING] The resource http://localhost:3000/_next/static/css/app/layout.css?v=1780757248631 was preloaded using link preload but not used within a few seconds from the window's load event. Please make sure it has an appropriate `as` value and it is preloaded intentionally. @ http://localhost:3000/login:0
[  950193ms] [WARNING] The resource http://localhost:3000/_next/static/css/app/layout.css?v=1780757227294 was preloaded using link preload but not used within a few seconds from the window's load event. Please make sure it has an appropriate `as` value and it is preloaded intentionally. @ http://localhost:3000/login:0
[  950194ms] [WARNING] The resource http://localhost:3000/_next/static/css/app/layout.css?v=1780757209729 was preloaded using link preload but not used within a few seconds from the window's load event. Please make sure it has an appropriate `as` value and it is preloaded intentionally. @ http://localhost:3000/login:0
[  950194ms] [WARNING] The resource http://localhost:3000/_next/static/css/app/layout.css?v=1780757248815 was preloaded using link preload but not used within a few seconds from the window's load event. Please make sure it has an appropriate `as` value and it is preloaded intentionally. @ http://localhost:3000/login:0
[  950194ms] [WARNING] The resource http://localhost:3000/_next/static/css/app/layout.css?v=1780757248868 was preloaded using link preload but not used within a few seconds from the window's load event. Please make sure it has an appropriate `as` value and it is preloaded intentionally. @ http://localhost:3000/login:0
